2021-04-28 12:12:55 [@0bae69851226]
Interno #1: Lanzar createinquest
2021-04-28 12:14:01 [@0bae69851226]
Externo #1: Lanzar PurgeLogs
2021-04-28 12:14:01 [@0bae69851226]
Externo #2: Lanzar checkAllUpdates
2021-04-28 12:14:01 [@0bae69851226]
Externo #3: Lanzar DomainsAlert
2021-04-28 12:16:01 [@0bae69851226]
Externo #1: Nada para lanzar
2021-04-28 12:18:01 [@0bae69851226]
Externo #1: Nada para lanzar
2021-04-28 12:20:01 [@0bae69851226]
Externo #1: Nada para lanzar
2021-04-28 12:20:38 [2@0bae69851226]
Interno #1: Lanzar watcher
2021-04-28 12:22:01 [@0bae69851226]
Externo #1: Nada para lanzar
2021-04-28 12:24:01 [@0bae69851226]
Externo #1: Nada para lanzar
2021-04-28 12:26:01 [@0bae69851226]
Externo #1: Nada para lanzar
2021-04-28 12:28:01 [@0bae69851226]
Externo #1: Nada para lanzar
2021-04-28 12:30:01 [@0bae69851226]
Externo #1: Nada para lanzar
2021-04-28 12:32:01 [@0bae69851226]
Externo #1: Nada para lanzar
2021-04-28 12:34:01 [@0bae69851226]
Externo #1: Nada para lanzar
2021-04-28 12:36:01 [@0bae69851226]
Externo #1: Nada para lanzar
2021-04-28 12:38:01 [@0bae69851226]
Externo #1: Nada para lanzar
2021-04-28 12:40:01 [@0bae69851226]
Externo #1: Nada para lanzar
2021-04-28 12:42:01 [@0bae69851226]
Externo #1: Nada para lanzar
2021-04-28 12:43:19 [2@0bae69851226]
Interno #1: Lanzar ticketrecurrent
2021-04-28 12:44:01 [@0bae69851226]
Externo #1: Nada para lanzar
2021-04-28 12:46:01 [@0bae69851226]
Externo #1: Nada para lanzar
2021-04-28 12:48:01 [@0bae69851226]
Externo #1: Nada para lanzar
2021-04-28 12:50:02 [@0bae69851226]
Externo #1: Nada para lanzar
2021-04-28 12:52:01 [@0bae69851226]
Externo #1: Nada para lanzar
2021-04-28 12:54:01 [@0bae69851226]
Externo #1: Nada para lanzar
2021-04-28 12:56:01 [@0bae69851226]
Externo #1: Nada para lanzar
2021-04-28 12:58:01 [@0bae69851226]
Externo #1: Nada para lanzar
2021-04-28 13:00:01 [@0bae69851226]
Externo #1: Nada para lanzar
2021-04-28 13:02:01 [@0bae69851226]
Externo #1: Nada para lanzar
2021-04-28 13:04:01 [@0bae69851226]
Externo #1: Nada para lanzar
2021-04-28 13:06:01 [@0bae69851226]
Externo #1: Nada para lanzar
2021-04-28 13:08:02 [@0bae69851226]
Externo #1: Nada para lanzar
2021-04-28 13:08:14 [2@0bae69851226]
Interno #1: Lanzar planningrecall
2021-04-28 13:10:01 [@0bae69851226]
Externo #1: Nada para lanzar
2021-04-28 13:12:01 [@0bae69851226]
Externo #1: Nada para lanzar
2021-04-28 13:14:01 [@0bae69851226]
Externo #1: Nada para lanzar
2021-04-28 13:16:01 [@0bae69851226]
Externo #1: Nada para lanzar
2021-04-28 13:18:01 [@0bae69851226]
Externo #1: Nada para lanzar
2021-04-28 13:18:54 [2@0bae69851226]
Interno #1: Lanzar queuednotification
2021-04-28 13:20:01 [@0bae69851226]
Externo #1: Nada para lanzar
2021-04-28 13:24:00 [2@0052b32c1baa]
Interno #1: Lanzar queuednotificationclean
2021-04-28 13:24:02 [@0052b32c1baa]
Externo #1: Nada para lanzar
2021-04-28 13:26:01 [@0052b32c1baa]
Externo #1: Nada para lanzar
2021-04-28 13:28:02 [@0052b32c1baa]
Externo #1: Nada para lanzar
2021-04-28 13:30:02 [@0052b32c1baa]
Externo #1: Nada para lanzar
2021-04-28 13:31:59 [2@0052b32c1baa]
Interno #1: Lanzar temp
2021-04-28 13:32:01 [@0052b32c1baa]
Externo #1: Nada para lanzar
2021-04-28 13:34:02 [@0052b32c1baa]
Externo #1: Lanzar taskscheduler
2021-04-28 13:34:02 [@0052b32c1baa]
Externo #2: Lanzar cleantaskjob
2021-04-28 13:34:02 [@0052b32c1baa]
Externo #3: Lanzar cleannetworkportlogs
2021-04-28 13:34:02 [@0052b32c1baa]
Externo #4: Lanzar cleanoldagents
2021-04-28 13:34:02 [@0052b32c1baa]
Externo #5: Lanzar wakeupAgents
2021-04-28 13:36:02 [@0052b32c1baa]
Externo #1: Lanzar cleanondemand
2021-04-28 13:36:02 [@0052b32c1baa]
Externo #2: Lanzar taskscheduler
2021-04-28 13:36:02 [@0052b32c1baa]
Externo #3: Lanzar wakeupAgents
2021-04-28 13:38:02 [@0052b32c1baa]
Externo #1: Lanzar taskscheduler
2021-04-28 13:38:02 [@0052b32c1baa]
Externo #2: Lanzar wakeupAgents
2021-04-28 13:40:02 [@0052b32c1baa]
Externo #1: Lanzar taskscheduler
2021-04-28 13:40:02 [@0052b32c1baa]
Externo #2: Lanzar wakeupAgents
2021-04-28 13:42:02 [@0052b32c1baa]
Externo #1: Lanzar taskscheduler
2021-04-28 13:42:02 [@0052b32c1baa]
Externo #2: Lanzar wakeupAgents
2021-04-28 13:44:02 [@0052b32c1baa]
Externo #1: Lanzar taskscheduler
2021-04-28 13:44:02 [@0052b32c1baa]
Externo #2: Lanzar wakeupAgents
2021-04-28 13:46:02 [@0052b32c1baa]
Externo #1: Lanzar taskscheduler
2021-04-28 13:46:02 [@0052b32c1baa]
Externo #2: Lanzar wakeupAgents
2021-04-28 13:48:01 [@0052b32c1baa]
Externo #1: Lanzar taskscheduler
2021-04-28 13:48:01 [@0052b32c1baa]
Externo #2: Lanzar wakeupAgents
2021-04-28 13:50:01 [@0052b32c1baa]
Externo #1: Lanzar taskscheduler
2021-04-28 13:50:01 [@0052b32c1baa]
Externo #2: Lanzar wakeupAgents
2021-04-28 13:52:01 [@0052b32c1baa]
Externo #1: Lanzar taskscheduler
2021-04-28 13:52:01 [@0052b32c1baa]
Externo #2: Lanzar wakeupAgents
2021-04-28 13:52:59 [2@0052b32c1baa]
Interno #1: Lanzar mailgateerror
2021-04-28 13:54:01 [@0052b32c1baa]
Externo #1: Lanzar taskscheduler
2021-04-28 13:54:01 [@0052b32c1baa]
Externo #2: Lanzar wakeupAgents
2021-04-28 13:56:01 [@0052b32c1baa]
Externo #1: Lanzar taskscheduler
2021-04-28 13:56:01 [@0052b32c1baa]
Externo #2: Lanzar wakeupAgents
2021-04-28 13:58:01 [@0052b32c1baa]
Externo #1: Lanzar taskscheduler
2021-04-28 13:58:01 [@0052b32c1baa]
Externo #2: Lanzar wakeupAgents
2021-04-28 14:00:01 [@0052b32c1baa]
Externo #1: Lanzar taskscheduler
2021-04-28 14:00:01 [@0052b32c1baa]
Externo #2: Lanzar wakeupAgents
2021-04-28 14:01:53 [2@0052b32c1baa]
Interno #1: Lanzar contract
2021-04-28 14:02:01 [@0052b32c1baa]
Externo #1: Lanzar taskscheduler
2021-04-28 14:02:01 [@0052b32c1baa]
Externo #2: Lanzar wakeupAgents
2021-04-28 14:04:01 [@0052b32c1baa]
Externo #1: Lanzar taskscheduler
2021-04-28 14:04:01 [@0052b32c1baa]
Externo #2: Lanzar wakeupAgents
2021-04-28 14:06:01 [@0052b32c1baa]
Externo #1: Lanzar taskscheduler
2021-04-28 14:06:01 [@0052b32c1baa]
Externo #2: Lanzar wakeupAgents
2021-04-28 14:08:01 [@0052b32c1baa]
Externo #1: Lanzar taskscheduler
2021-04-28 14:08:01 [@0052b32c1baa]
Externo #2: Lanzar wakeupAgents
2021-04-28 14:10:01 [@0052b32c1baa]
Externo #1: Lanzar taskscheduler
2021-04-28 14:10:01 [@0052b32c1baa]
Externo #2: Lanzar wakeupAgents
2021-04-28 14:12:01 [@0052b32c1baa]
Externo #1: Lanzar taskscheduler
2021-04-28 14:12:01 [@0052b32c1baa]
Externo #2: Lanzar wakeupAgents
2021-04-28 14:14:01 [@0052b32c1baa]
Externo #1: Lanzar taskscheduler
2021-04-28 14:14:01 [@0052b32c1baa]
Externo #2: Lanzar wakeupAgents
2021-04-28 14:16:01 [@0052b32c1baa]
Externo #1: Lanzar taskscheduler
2021-04-28 14:16:01 [@0052b32c1baa]
Externo #2: Lanzar wakeupAgents
2021-04-28 14:18:01 [@0052b32c1baa]
Externo #1: Lanzar taskscheduler
2021-04-28 14:18:01 [@0052b32c1baa]
Externo #2: Lanzar wakeupAgents
2021-04-28 14:20:01 [@0052b32c1baa]
Externo #1: Lanzar taskscheduler
2021-04-28 14:20:01 [@0052b32c1baa]
Externo #2: Lanzar wakeupAgents
2021-04-28 14:22:01 [@0052b32c1baa]
Externo #1: Lanzar taskscheduler
2021-04-28 14:22:01 [@0052b32c1baa]
Externo #2: Lanzar wakeupAgents
2021-04-28 14:24:01 [@0052b32c1baa]
Externo #1: Lanzar taskscheduler
2021-04-28 14:24:01 [@0052b32c1baa]
Externo #2: Lanzar wakeupAgents
2021-04-28 14:26:01 [@0052b32c1baa]
Externo #1: Lanzar taskscheduler
2021-04-28 14:26:01 [@0052b32c1baa]
Externo #2: Lanzar wakeupAgents
2021-04-28 14:28:01 [@0052b32c1baa]
Externo #1: Lanzar taskscheduler
2021-04-28 14:28:01 [@0052b32c1baa]
Externo #2: Lanzar wakeupAgents
2021-04-28 14:30:01 [@0052b32c1baa]
Externo #1: Lanzar taskscheduler
2021-04-28 14:30:02 [@0052b32c1baa]
Externo #2: Lanzar wakeupAgents
2021-04-28 14:32:01 [@0052b32c1baa]
Externo #1: Lanzar taskscheduler
2021-04-28 14:32:01 [@0052b32c1baa]
Externo #2: Lanzar wakeupAgents
2021-04-28 14:34:01 [@0052b32c1baa]
Externo #1: Lanzar taskscheduler
2021-04-28 14:34:01 [@0052b32c1baa]
Externo #2: Lanzar wakeupAgents
2021-04-28 14:36:01 [@0052b32c1baa]
Externo #1: Lanzar taskscheduler
2021-04-28 14:36:01 [@0052b32c1baa]
Externo #2: Lanzar wakeupAgents
2021-04-28 14:38:01 [@0052b32c1baa]
Externo #1: Lanzar taskscheduler
2021-04-28 14:38:01 [@0052b32c1baa]
Externo #2: Lanzar wakeupAgents
2021-04-28 14:40:01 [@0052b32c1baa]
Externo #1: Lanzar taskscheduler
2021-04-28 14:40:01 [@0052b32c1baa]
Externo #2: Lanzar wakeupAgents
2021-04-28 14:42:02 [@0052b32c1baa]
Externo #1: Lanzar taskscheduler
2021-04-28 14:42:02 [@0052b32c1baa]
Externo #2: Lanzar wakeupAgents
2021-04-28 14:44:01 [@0052b32c1baa]
Externo #1: Lanzar taskscheduler
2021-04-28 14:44:01 [@0052b32c1baa]
Externo #2: Lanzar wakeupAgents
2021-04-28 14:45:50 [2@0052b32c1baa]
Interno #1: Lanzar infocom
2021-04-28 14:46:01 [@0052b32c1baa]
Externo #1: Lanzar taskscheduler
2021-04-28 14:46:01 [@0052b32c1baa]
Externo #2: Lanzar wakeupAgents
2021-04-28 14:48:01 [@0052b32c1baa]
Externo #1: Lanzar taskscheduler
2021-04-28 14:48:01 [@0052b32c1baa]
Externo #2: Lanzar wakeupAgents
2021-04-28 14:50:01 [@0052b32c1baa]
Externo #1: Lanzar taskscheduler
2021-04-28 14:50:01 [@0052b32c1baa]
Externo #2: Lanzar wakeupAgents
2021-04-28 14:52:01 [@0052b32c1baa]
Externo #1: Lanzar taskscheduler
2021-04-28 14:52:01 [@0052b32c1baa]
Externo #2: Lanzar wakeupAgents
2021-04-28 14:54:01 [@0052b32c1baa]
Externo #1: Lanzar taskscheduler
2021-04-28 14:54:01 [@0052b32c1baa]
Externo #2: Lanzar wakeupAgents
2021-04-28 14:56:01 [@0052b32c1baa]
Externo #1: Lanzar taskscheduler
2021-04-28 14:56:01 [@0052b32c1baa]
Externo #2: Lanzar wakeupAgents
2021-04-28 14:58:01 [@0052b32c1baa]
Externo #1: Lanzar taskscheduler
2021-04-28 14:58:01 [@0052b32c1baa]
Externo #2: Lanzar wakeupAgents
2021-04-28 15:00:02 [@0052b32c1baa]
Externo #1: Lanzar taskscheduler
2021-04-28 15:00:02 [@0052b32c1baa]
Externo #2: Lanzar wakeupAgents
2021-04-28 15:02:01 [@0052b32c1baa]
Externo #1: Lanzar taskscheduler
2021-04-28 15:02:01 [@0052b32c1baa]
Externo #2: Lanzar wakeupAgents
2021-04-28 15:04:01 [@0052b32c1baa]
Externo #1: Lanzar taskscheduler
2021-04-28 15:04:01 [@0052b32c1baa]
Externo #2: Lanzar wakeupAgents
2021-04-28 15:06:01 [@0052b32c1baa]
Externo #1: Lanzar taskscheduler
2021-04-28 15:06:01 [@0052b32c1baa]
Externo #2: Lanzar wakeupAgents
2021-04-28 15:08:01 [@0052b32c1baa]
Externo #1: Lanzar taskscheduler
2021-04-28 15:08:01 [@0052b32c1baa]
Externo #2: Lanzar wakeupAgents
2021-04-28 15:10:01 [@0052b32c1baa]
Externo #1: Lanzar taskscheduler
2021-04-28 15:10:02 [@0052b32c1baa]
Externo #2: Lanzar wakeupAgents
2021-04-28 15:12:02 [@0052b32c1baa]
Externo #1: Lanzar taskscheduler
2021-04-28 15:12:02 [@0052b32c1baa]
Externo #2: Lanzar wakeupAgents
2021-04-28 15:14:02 [@0052b32c1baa]
Externo #1: Lanzar taskscheduler
2021-04-28 15:14:02 [@0052b32c1baa]
Externo #2: Lanzar wakeupAgents
2021-04-28 15:16:01 [@0052b32c1baa]
Externo #1: Lanzar taskscheduler
2021-04-28 15:16:02 [@0052b32c1baa]
Externo #2: Lanzar wakeupAgents
2021-04-28 15:18:02 [@0052b32c1baa]
Externo #1: Lanzar taskscheduler
2021-04-28 15:18:02 [@0052b32c1baa]
Externo #2: Lanzar wakeupAgents
2021-04-28 15:20:02 [@0052b32c1baa]
Externo #1: Lanzar taskscheduler
2021-04-28 15:20:02 [@0052b32c1baa]
Externo #2: Lanzar wakeupAgents
2021-04-28 15:22:03 [@0052b32c1baa]
Externo #1: Lanzar taskscheduler
2021-04-28 15:22:03 [@0052b32c1baa]
Externo #2: Lanzar wakeupAgents
2021-04-28 15:24:02 [@0052b32c1baa]
Externo #1: Lanzar taskscheduler
2021-04-28 15:24:02 [@0052b32c1baa]
Externo #2: Lanzar wakeupAgents
2021-04-28 15:26:02 [@0052b32c1baa]
Externo #1: Lanzar taskscheduler
2021-04-28 15:26:02 [@0052b32c1baa]
Externo #2: Lanzar wakeupAgents
2021-04-28 15:28:02 [@0052b32c1baa]
Externo #1: Lanzar taskscheduler
2021-04-28 15:28:02 [@0052b32c1baa]
Externo #2: Lanzar wakeupAgents
2021-04-28 15:30:02 [@0052b32c1baa]
Externo #1: Lanzar taskscheduler
2021-04-28 15:30:02 [@0052b32c1baa]
Externo #2: Lanzar wakeupAgents
2021-04-28 15:32:02 [@0052b32c1baa]
Externo #1: Lanzar taskscheduler
2021-04-28 15:32:02 [@0052b32c1baa]
Externo #2: Lanzar wakeupAgents
2021-04-28 15:34:02 [@0052b32c1baa]
Externo #1: Lanzar taskscheduler
2021-04-28 15:34:02 [@0052b32c1baa]
Externo #2: Lanzar wakeupAgents
2021-04-28 15:36:02 [@0052b32c1baa]
Externo #1: Lanzar taskscheduler
2021-04-28 15:36:02 [@0052b32c1baa]
Externo #2: Lanzar wakeupAgents
2021-04-28 15:38:02 [@0052b32c1baa]
Externo #1: Lanzar taskscheduler
2021-04-28 15:38:02 [@0052b32c1baa]
Externo #2: Lanzar wakeupAgents
2021-04-28 15:40:02 [@0052b32c1baa]
Externo #1: Lanzar taskscheduler
2021-04-28 15:40:02 [@0052b32c1baa]
Externo #2: Lanzar wakeupAgents
2021-04-28 15:42:02 [@0052b32c1baa]
Externo #1: Lanzar taskscheduler
2021-04-28 15:42:02 [@0052b32c1baa]
Externo #2: Lanzar wakeupAgents
2021-04-28 15:44:01 [@0052b32c1baa]
Externo #1: Lanzar taskscheduler
2021-04-28 15:44:01 [@0052b32c1baa]
Externo #2: Lanzar wakeupAgents
2021-04-28 15:46:01 [@0052b32c1baa]
Externo #1: Lanzar taskscheduler
2021-04-28 15:46:01 [@0052b32c1baa]
Externo #2: Lanzar wakeupAgents
2021-04-28 15:48:01 [@0052b32c1baa]
Externo #1: Lanzar taskscheduler
2021-04-28 15:48:01 [@0052b32c1baa]
Externo #2: Lanzar wakeupAgents
2021-04-28 15:50:01 [@0052b32c1baa]
Externo #1: Lanzar taskscheduler
2021-04-28 15:50:01 [@0052b32c1baa]
Externo #2: Lanzar wakeupAgents
2021-04-28 15:52:02 [@0052b32c1baa]
Externo #1: Lanzar taskscheduler
2021-04-28 15:52:02 [@0052b32c1baa]
Externo #2: Lanzar wakeupAgents
2021-04-28 15:54:01 [@0052b32c1baa]
Externo #1: Lanzar taskscheduler
2021-04-28 15:54:01 [@0052b32c1baa]
Externo #2: Lanzar wakeupAgents
2021-04-28 15:56:04 [@0052b32c1baa]
Externo #1: Lanzar taskscheduler
2021-04-28 15:56:04 [@0052b32c1baa]
Externo #2: Lanzar wakeupAgents
2021-04-28 15:58:01 [@0052b32c1baa]
Externo #1: Lanzar taskscheduler
2021-04-28 15:58:01 [@0052b32c1baa]
Externo #2: Lanzar wakeupAgents
2021-04-28 16:00:01 [@0052b32c1baa]
Externo #1: Lanzar taskscheduler
2021-04-28 16:00:01 [@0052b32c1baa]
Externo #2: Lanzar wakeupAgents
2021-04-28 16:02:01 [@0052b32c1baa]
Externo #1: Lanzar taskscheduler
2021-04-28 16:02:01 [@0052b32c1baa]
Externo #2: Lanzar wakeupAgents
2021-04-28 16:04:01 [@0052b32c1baa]
Externo #1: Lanzar taskscheduler
2021-04-28 16:04:01 [@0052b32c1baa]
Externo #2: Lanzar wakeupAgents
2021-04-28 16:06:01 [@0052b32c1baa]
Externo #1: Lanzar taskscheduler
2021-04-28 16:06:01 [@0052b32c1baa]
Externo #2: Lanzar wakeupAgents
2021-04-28 16:08:01 [@0052b32c1baa]
Externo #1: Lanzar taskscheduler
2021-04-28 16:08:01 [@0052b32c1baa]
Externo #2: Lanzar wakeupAgents
2021-04-28 16:10:02 [@0052b32c1baa]
Externo #1: Lanzar taskscheduler
2021-04-28 16:10:02 [@0052b32c1baa]
Externo #2: Lanzar wakeupAgents
2021-04-28 16:12:01 [@0052b32c1baa]
Externo #1: Lanzar taskscheduler
2021-04-28 16:12:01 [@0052b32c1baa]
Externo #2: Lanzar wakeupAgents
2021-04-28 16:14:02 [@0052b32c1baa]
Externo #1: Lanzar taskscheduler
2021-04-28 16:14:03 [@0052b32c1baa]
Externo #2: Lanzar wakeupAgents
2021-04-28 16:16:01 [@0052b32c1baa]
Externo #1: Lanzar taskscheduler
2021-04-28 16:16:01 [@0052b32c1baa]
Externo #2: Lanzar wakeupAgents
2021-04-28 16:18:01 [@0052b32c1baa]
Externo #1: Lanzar taskscheduler
2021-04-28 16:18:01 [@0052b32c1baa]
Externo #2: Lanzar wakeupAgents
2021-04-28 16:20:02 [@0052b32c1baa]
Externo #1: Lanzar taskscheduler
2021-04-28 16:20:02 [@0052b32c1baa]
Externo #2: Lanzar wakeupAgents
2021-04-28 16:22:01 [@0052b32c1baa]
Externo #1: Lanzar taskscheduler
2021-04-28 16:22:01 [@0052b32c1baa]
Externo #2: Lanzar wakeupAgents
2021-04-28 16:24:03 [@0052b32c1baa]
Externo #1: Lanzar taskscheduler
2021-04-28 16:24:04 [@0052b32c1baa]
Externo #2: Lanzar wakeupAgents
2021-04-28 16:26:01 [@0052b32c1baa]
Externo #1: Lanzar taskscheduler
2021-04-28 16:26:01 [@0052b32c1baa]
Externo #2: Lanzar wakeupAgents
2021-04-28 16:28:01 [@0052b32c1baa]
Externo #1: Lanzar taskscheduler
2021-04-28 16:28:01 [@0052b32c1baa]
Externo #2: Lanzar wakeupAgents
2021-04-28 16:30:01 [@0052b32c1baa]
Externo #1: Lanzar taskscheduler
2021-04-28 16:30:02 [@0052b32c1baa]
Externo #2: Lanzar wakeupAgents
2021-04-28 16:32:01 [@0052b32c1baa]
Externo #1: Lanzar taskscheduler
2021-04-28 16:32:01 [@0052b32c1baa]
Externo #2: Lanzar wakeupAgents
2021-04-28 16:34:02 [@0052b32c1baa]
Externo #1: Lanzar taskscheduler
2021-04-28 16:34:02 [@0052b32c1baa]
Externo #2: Lanzar wakeupAgents
2021-04-28 16:36:01 [@0052b32c1baa]
Externo #1: Lanzar taskscheduler
2021-04-28 16:36:01 [@0052b32c1baa]
Externo #2: Lanzar wakeupAgents
2021-04-28 16:38:01 [@0052b32c1baa]
Externo #1: Lanzar taskscheduler
2021-04-28 16:38:01 [@0052b32c1baa]
Externo #2: Lanzar wakeupAgents
2021-04-28 16:40:02 [@0052b32c1baa]
Externo #1: Lanzar taskscheduler
2021-04-28 16:40:02 [@0052b32c1baa]
Externo #2: Lanzar wakeupAgents
2021-04-28 16:42:02 [@0052b32c1baa]
Externo #1: Lanzar taskscheduler
2021-04-28 16:42:02 [@0052b32c1baa]
Externo #2: Lanzar wakeupAgents
2021-04-28 16:44:02 [@0052b32c1baa]
Externo #1: Lanzar taskscheduler
2021-04-28 16:44:02 [@0052b32c1baa]
Externo #2: Lanzar wakeupAgents
2021-04-28 16:46:02 [@0052b32c1baa]
Externo #1: Lanzar taskscheduler
2021-04-28 16:46:02 [@0052b32c1baa]
Externo #2: Lanzar wakeupAgents
2021-04-28 16:48:02 [@0052b32c1baa]
Externo #1: Lanzar taskscheduler
2021-04-28 16:48:02 [@0052b32c1baa]
Externo #2: Lanzar wakeupAgents
2021-04-28 16:50:03 [@0052b32c1baa]
Externo #1: Lanzar taskscheduler
2021-04-28 16:50:03 [@0052b32c1baa]
Externo #2: Lanzar wakeupAgents
2021-04-28 16:52:02 [@0052b32c1baa]
Externo #1: Lanzar taskscheduler
2021-04-28 16:52:02 [@0052b32c1baa]
Externo #2: Lanzar wakeupAgents
2021-04-28 16:54:02 [@0052b32c1baa]
Externo #1: Lanzar taskscheduler
2021-04-28 16:54:02 [@0052b32c1baa]
Externo #2: Lanzar wakeupAgents
2021-04-28 16:56:02 [@0052b32c1baa]
Externo #1: Lanzar taskscheduler
2021-04-28 16:56:02 [@0052b32c1baa]
Externo #2: Lanzar wakeupAgents
2021-04-28 16:58:02 [@0052b32c1baa]
Externo #1: Lanzar taskscheduler
2021-04-28 16:58:02 [@0052b32c1baa]
Externo #2: Lanzar wakeupAgents
2021-04-28 17:00:02 [@0052b32c1baa]
Externo #1: Lanzar taskscheduler
2021-04-28 17:00:02 [@0052b32c1baa]
Externo #2: Lanzar wakeupAgents
2021-04-28 17:02:02 [@0052b32c1baa]
Externo #1: Lanzar taskscheduler
2021-04-28 17:02:02 [@0052b32c1baa]
Externo #2: Lanzar wakeupAgents
2021-04-28 17:04:02 [@0052b32c1baa]
Externo #1: Lanzar taskscheduler
2021-04-28 17:04:02 [@0052b32c1baa]
Externo #2: Lanzar wakeupAgents
2021-04-28 17:06:02 [@0052b32c1baa]
Externo #1: Lanzar taskscheduler
2021-04-28 17:06:02 [@0052b32c1baa]
Externo #2: Lanzar wakeupAgents
2021-04-28 17:08:02 [@0052b32c1baa]
Externo #1: Lanzar taskscheduler
2021-04-28 17:08:02 [@0052b32c1baa]
Externo #2: Lanzar wakeupAgents
2021-04-28 17:10:01 [@0052b32c1baa]
Externo #1: Lanzar taskscheduler
2021-04-28 17:10:01 [@0052b32c1baa]
Externo #2: Lanzar wakeupAgents
2021-04-28 17:12:01 [@0052b32c1baa]
Externo #1: Lanzar taskscheduler
2021-04-28 17:12:01 [@0052b32c1baa]
Externo #2: Lanzar wakeupAgents
2021-04-28 17:14:01 [@0052b32c1baa]
Externo #1: Lanzar taskscheduler
2021-04-28 17:14:01 [@0052b32c1baa]
Externo #2: Lanzar wakeupAgents
2021-04-28 17:16:01 [@0052b32c1baa]
Externo #1: Lanzar taskscheduler
2021-04-28 17:16:01 [@0052b32c1baa]
Externo #2: Lanzar wakeupAgents
2021-04-28 17:18:05 [@0052b32c1baa]
Externo #1: Lanzar taskscheduler
2021-04-28 17:18:05 [@0052b32c1baa]
Externo #2: Lanzar wakeupAgents
2021-04-28 17:20:02 [@0052b32c1baa]
Externo #1: Lanzar taskscheduler
2021-04-28 17:20:02 [@0052b32c1baa]
Externo #2: Lanzar wakeupAgents
2021-04-28 17:22:01 [@0052b32c1baa]
Externo #1: Lanzar taskscheduler
2021-04-28 17:22:02 [@0052b32c1baa]
Externo #2: Lanzar wakeupAgents
2021-04-28 17:24:01 [@0052b32c1baa]
Externo #1: Lanzar taskscheduler
2021-04-28 17:24:01 [@0052b32c1baa]
Externo #2: Lanzar wakeupAgents
2021-04-28 17:26:01 [@0052b32c1baa]
Externo #1: Lanzar taskscheduler
2021-04-28 17:26:01 [@0052b32c1baa]
Externo #2: Lanzar wakeupAgents
2021-04-28 17:28:01 [@0052b32c1baa]
Externo #1: Lanzar taskscheduler
2021-04-28 17:28:01 [@0052b32c1baa]
Externo #2: Lanzar wakeupAgents
2021-04-28 17:30:01 [@0052b32c1baa]
Externo #1: Lanzar taskscheduler
2021-04-28 17:30:01 [@0052b32c1baa]
Externo #2: Lanzar wakeupAgents
2021-04-28 17:32:02 [@0052b32c1baa]
Externo #1: Lanzar taskscheduler
2021-04-28 17:32:05 [@0052b32c1baa]
Externo #2: Lanzar wakeupAgents
2021-04-28 17:34:02 [@0052b32c1baa]
Externo #1: Lanzar taskscheduler
2021-04-28 17:34:02 [@0052b32c1baa]
Externo #2: Lanzar wakeupAgents
2021-04-28 17:36:01 [@0052b32c1baa]
Externo #1: Lanzar taskscheduler
2021-04-28 17:36:01 [@0052b32c1baa]
Externo #2: Lanzar wakeupAgents
2021-04-28 17:38:01 [@0052b32c1baa]
Externo #1: Lanzar taskscheduler
2021-04-28 17:38:01 [@0052b32c1baa]
Externo #2: Lanzar wakeupAgents
2021-04-28 17:40:01 [@0052b32c1baa]
Externo #1: Lanzar taskscheduler
2021-04-28 17:40:01 [@0052b32c1baa]
Externo #2: Lanzar wakeupAgents
2021-04-28 17:42:01 [@0052b32c1baa]
Externo #1: Lanzar taskscheduler
2021-04-28 17:42:01 [@0052b32c1baa]
Externo #2: Lanzar wakeupAgents
2021-04-28 17:44:02 [@0052b32c1baa]
Externo #1: Lanzar taskscheduler
2021-04-28 17:44:02 [@0052b32c1baa]
Externo #2: Lanzar wakeupAgents
2021-04-28 17:46:02 [@0052b32c1baa]
Externo #1: Lanzar taskscheduler
2021-04-28 17:46:02 [@0052b32c1baa]
Externo #2: Lanzar wakeupAgents
2021-04-28 17:48:01 [@0052b32c1baa]
Externo #1: Lanzar taskscheduler
2021-04-28 17:48:02 [@0052b32c1baa]
Externo #2: Lanzar wakeupAgents
2021-04-28 17:50:03 [@0052b32c1baa]
Externo #1: Lanzar taskscheduler
2021-04-28 17:50:03 [@0052b32c1baa]
Externo #2: Lanzar wakeupAgents
2021-04-28 17:52:01 [@0052b32c1baa]
Externo #1: Lanzar taskscheduler
2021-04-28 17:52:01 [@0052b32c1baa]
Externo #2: Lanzar wakeupAgents
2021-04-28 17:54:03 [@0052b32c1baa]
Externo #1: Lanzar taskscheduler
2021-04-28 17:54:03 [@0052b32c1baa]
Externo #2: Lanzar wakeupAgents
2021-04-28 17:56:01 [@0052b32c1baa]
Externo #1: Lanzar taskscheduler
2021-04-28 17:56:02 [@0052b32c1baa]
Externo #2: Lanzar wakeupAgents
2021-04-28 17:58:01 [@0052b32c1baa]
Externo #1: Lanzar taskscheduler
2021-04-28 17:58:01 [@0052b32c1baa]
Externo #2: Lanzar wakeupAgents
2021-04-28 18:00:02 [@0052b32c1baa]
Externo #1: Lanzar taskscheduler
2021-04-28 18:00:03 [@0052b32c1baa]
Externo #2: Lanzar wakeupAgents
2021-04-28 18:02:02 [@0052b32c1baa]
Externo #1: Lanzar taskscheduler
2021-04-28 18:02:02 [@0052b32c1baa]
Externo #2: Lanzar wakeupAgents
2021-04-28 18:04:01 [@0052b32c1baa]
Externo #1: Lanzar taskscheduler
2021-04-28 18:04:02 [@0052b32c1baa]
Externo #2: Lanzar wakeupAgents
2021-04-28 18:06:02 [@0052b32c1baa]
Externo #1: Lanzar taskscheduler
2021-04-28 18:06:02 [@0052b32c1baa]
Externo #2: Lanzar wakeupAgents
2021-04-28 18:08:01 [@0052b32c1baa]
Externo #1: Lanzar taskscheduler
2021-04-28 18:08:01 [@0052b32c1baa]
Externo #2: Lanzar wakeupAgents
2021-04-28 18:10:01 [@0052b32c1baa]
Externo #1: Lanzar taskscheduler
2021-04-28 18:10:02 [@0052b32c1baa]
Externo #2: Lanzar wakeupAgents
2021-04-28 18:12:03 [@0052b32c1baa]
Externo #1: Lanzar taskscheduler
2021-04-28 18:12:03 [@0052b32c1baa]
Externo #2: Lanzar wakeupAgents
2021-04-28 18:13:24 [2@0052b32c1baa]
Interno #1: Lanzar mailgate
2021-04-28 18:14:02 [@0052b32c1baa]
Externo #1: Lanzar taskscheduler
2021-04-28 18:14:02 [@0052b32c1baa]
Externo #2: Lanzar wakeupAgents
2021-04-28 18:16:02 [@0052b32c1baa]
Externo #1: Lanzar taskscheduler
2021-04-28 18:16:02 [@0052b32c1baa]
Externo #2: Lanzar wakeupAgents
2021-04-28 18:18:03 [@0052b32c1baa]
Externo #1: Lanzar taskscheduler
2021-04-28 18:18:03 [@0052b32c1baa]
Externo #2: Lanzar wakeupAgents
2021-04-28 18:20:02 [@0052b32c1baa]
Externo #1: Lanzar taskscheduler
2021-04-28 18:20:02 [@0052b32c1baa]
Externo #2: Lanzar wakeupAgents
2021-04-28 18:22:02 [@0052b32c1baa]
Externo #1: Lanzar taskscheduler
2021-04-28 18:22:02 [@0052b32c1baa]
Externo #2: Lanzar wakeupAgents
2021-04-28 18:24:01 [@0052b32c1baa]
Externo #1: Lanzar taskscheduler
2021-04-28 18:24:01 [@0052b32c1baa]
Externo #2: Lanzar wakeupAgents
2021-04-28 18:26:01 [@0052b32c1baa]
Externo #1: Lanzar taskscheduler
2021-04-28 18:26:01 [@0052b32c1baa]
Externo #2: Lanzar wakeupAgents
2021-04-28 18:28:01 [@0052b32c1baa]
Externo #1: Lanzar taskscheduler
2021-04-28 18:28:02 [@0052b32c1baa]
Externo #2: Lanzar wakeupAgents
2021-04-28 18:30:02 [@0052b32c1baa]
Externo #1: Lanzar taskscheduler
2021-04-28 18:30:02 [@0052b32c1baa]
Externo #2: Lanzar wakeupAgents
2021-04-28 18:32:01 [@0052b32c1baa]
Externo #1: Lanzar taskscheduler
2021-04-28 18:32:01 [@0052b32c1baa]
Externo #2: Lanzar wakeupAgents
2021-04-28 18:34:01 [@0052b32c1baa]
Externo #1: Lanzar taskscheduler
2021-04-28 18:34:02 [@0052b32c1baa]
Externo #2: Lanzar wakeupAgents
2021-04-28 18:36:01 [@0052b32c1baa]
Externo #1: Lanzar taskscheduler
2021-04-28 18:36:02 [@0052b32c1baa]
Externo #2: Lanzar wakeupAgents
2021-04-28 18:38:01 [@0052b32c1baa]
Externo #1: Lanzar taskscheduler
2021-04-28 18:38:01 [@0052b32c1baa]
Externo #2: Lanzar wakeupAgents
2021-04-28 18:40:03 [@0052b32c1baa]
Externo #1: Lanzar taskscheduler
2021-04-28 18:40:03 [@0052b32c1baa]
Externo #2: Lanzar wakeupAgents
2021-04-28 18:42:02 [@0052b32c1baa]
Externo #1: Lanzar taskscheduler
2021-04-28 18:42:03 [@0052b32c1baa]
Externo #2: Lanzar wakeupAgents
2021-04-28 18:44:01 [@0052b32c1baa]
Externo #1: Lanzar taskscheduler
2021-04-28 18:44:01 [@0052b32c1baa]
Externo #2: Lanzar wakeupAgents
2021-04-28 18:46:01 [@0052b32c1baa]
Externo #1: Lanzar taskscheduler
2021-04-28 18:46:01 [@0052b32c1baa]
Externo #2: Lanzar wakeupAgents
2021-04-28 18:48:01 [@0052b32c1baa]
Externo #1: Lanzar taskscheduler
2021-04-28 18:48:01 [@0052b32c1baa]
Externo #2: Lanzar wakeupAgents
2021-04-28 18:50:01 [@0052b32c1baa]
Externo #1: Lanzar taskscheduler
2021-04-28 18:50:01 [@0052b32c1baa]
Externo #2: Lanzar wakeupAgents
2021-04-28 18:52:01 [@0052b32c1baa]
Externo #1: Lanzar taskscheduler
2021-04-28 18:52:01 [@0052b32c1baa]
Externo #2: Lanzar wakeupAgents
2021-04-28 18:54:01 [@0052b32c1baa]
Externo #1: Lanzar taskscheduler
2021-04-28 18:54:01 [@0052b32c1baa]
Externo #2: Lanzar wakeupAgents
2021-04-28 18:56:01 [@0052b32c1baa]
Externo #1: Lanzar taskscheduler
2021-04-28 18:56:01 [@0052b32c1baa]
Externo #2: Lanzar wakeupAgents
2021-04-28 18:58:01 [@0052b32c1baa]
Externo #1: Lanzar taskscheduler
2021-04-28 18:58:01 [@0052b32c1baa]
Externo #2: Lanzar wakeupAgents
2021-04-28 19:00:01 [@0052b32c1baa]
Externo #1: Lanzar taskscheduler
2021-04-28 19:00:02 [@0052b32c1baa]
Externo #2: Lanzar wakeupAgents
2021-04-28 19:02:01 [@0052b32c1baa]
Externo #1: Lanzar taskscheduler
2021-04-28 19:02:01 [@0052b32c1baa]
Externo #2: Lanzar wakeupAgents
2021-04-28 19:04:01 [@0052b32c1baa]
Externo #1: Lanzar taskscheduler
2021-04-28 19:04:01 [@0052b32c1baa]
Externo #2: Lanzar wakeupAgents
2021-04-28 19:06:01 [@0052b32c1baa]
Externo #1: Lanzar taskscheduler
2021-04-28 19:06:01 [@0052b32c1baa]
Externo #2: Lanzar wakeupAgents
2021-04-28 19:08:01 [@0052b32c1baa]
Externo #1: Lanzar taskscheduler
2021-04-28 19:08:01 [@0052b32c1baa]
Externo #2: Lanzar wakeupAgents
2021-04-28 19:08:07 [2@0052b32c1baa]
Interno #1: Lanzar session
2021-04-28 19:10:01 [@0052b32c1baa]
Externo #1: Lanzar taskscheduler
2021-04-28 19:10:01 [@0052b32c1baa]
Externo #2: Lanzar wakeupAgents
2021-04-28 19:12:01 [@0052b32c1baa]
Externo #1: Lanzar taskscheduler
2021-04-28 19:12:01 [@0052b32c1baa]
Externo #2: Lanzar wakeupAgents
2021-04-28 19:14:01 [@0052b32c1baa]
Externo #1: Lanzar taskscheduler
2021-04-28 19:14:01 [@0052b32c1baa]
Externo #2: Lanzar wakeupAgents
2021-04-28 19:16:01 [@0052b32c1baa]
Externo #1: Lanzar taskscheduler
2021-04-28 19:16:01 [@0052b32c1baa]
Externo #2: Lanzar wakeupAgents
2021-04-28 19:18:01 [@0052b32c1baa]
Externo #1: Lanzar taskscheduler
2021-04-28 19:18:01 [@0052b32c1baa]
Externo #2: Lanzar wakeupAgents
2021-04-28 19:20:01 [@0052b32c1baa]
Externo #1: Lanzar taskscheduler
2021-04-28 19:20:01 [@0052b32c1baa]
Externo #2: Lanzar wakeupAgents
2021-04-28 19:22:01 [@0052b32c1baa]
Externo #1: Lanzar taskscheduler
2021-04-28 19:22:01 [@0052b32c1baa]
Externo #2: Lanzar wakeupAgents
2021-04-28 19:24:01 [@0052b32c1baa]
Externo #1: Lanzar taskscheduler
2021-04-28 19:24:01 [@0052b32c1baa]
Externo #2: Lanzar wakeupAgents
2021-04-28 19:26:01 [@0052b32c1baa]
Externo #1: Lanzar taskscheduler
2021-04-28 19:26:01 [@0052b32c1baa]
Externo #2: Lanzar wakeupAgents
2021-04-28 19:28:01 [@0052b32c1baa]
Externo #1: Lanzar taskscheduler
2021-04-28 19:28:01 [@0052b32c1baa]
Externo #2: Lanzar wakeupAgents
2021-04-28 19:30:01 [@0052b32c1baa]
Externo #1: Lanzar taskscheduler
2021-04-28 19:30:01 [@0052b32c1baa]
Externo #2: Lanzar wakeupAgents
2021-04-28 19:32:01 [@0052b32c1baa]
Externo #1: Lanzar taskscheduler
2021-04-28 19:32:01 [@0052b32c1baa]
Externo #2: Lanzar wakeupAgents
2021-04-28 19:34:01 [@0052b32c1baa]
Externo #1: Lanzar taskscheduler
2021-04-28 19:34:01 [@0052b32c1baa]
Externo #2: Lanzar wakeupAgents
2021-04-28 19:36:01 [@0052b32c1baa]
Externo #1: Lanzar taskscheduler
2021-04-28 19:36:01 [@0052b32c1baa]
Externo #2: Lanzar wakeupAgents
2021-04-28 19:38:01 [@0052b32c1baa]
Externo #1: Lanzar taskscheduler
2021-04-28 19:38:01 [@0052b32c1baa]
Externo #2: Lanzar wakeupAgents
2021-04-28 19:40:02 [@0052b32c1baa]
Externo #1: Lanzar taskscheduler
2021-04-28 19:40:04 [@0052b32c1baa]
Externo #2: Lanzar wakeupAgents
2021-04-28 19:42:02 [@0052b32c1baa]
Externo #1: Lanzar taskscheduler
2021-04-28 19:42:02 [@0052b32c1baa]
Externo #2: Lanzar wakeupAgents
2021-04-28 19:44:01 [@0052b32c1baa]
Externo #1: Lanzar taskscheduler
2021-04-28 19:44:02 [@0052b32c1baa]
Externo #2: Lanzar wakeupAgents
2021-04-28 19:46:02 [@0052b32c1baa]
Externo #1: Lanzar taskscheduler
2021-04-28 19:46:02 [@0052b32c1baa]
Externo #2: Lanzar wakeupAgents
2021-04-28 19:48:01 [@0052b32c1baa]
Externo #1: Lanzar taskscheduler
2021-04-28 19:48:02 [@0052b32c1baa]
Externo #2: Lanzar wakeupAgents
2021-04-28 19:50:01 [@0052b32c1baa]
Externo #1: Lanzar taskscheduler
2021-04-28 19:50:02 [@0052b32c1baa]
Externo #2: Lanzar wakeupAgents
2021-04-28 19:52:01 [@0052b32c1baa]
Externo #1: Lanzar taskscheduler
2021-04-28 19:52:02 [@0052b32c1baa]
Externo #2: Lanzar wakeupAgents
2021-04-28 19:54:02 [@0052b32c1baa]
Externo #1: Lanzar taskscheduler
2021-04-28 19:54:02 [@0052b32c1baa]
Externo #2: Lanzar wakeupAgents
2021-04-28 19:56:01 [@0052b32c1baa]
Externo #1: Lanzar taskscheduler
2021-04-28 19:56:02 [@0052b32c1baa]
Externo #2: Lanzar wakeupAgents
2021-04-28 19:58:02 [@0052b32c1baa]
Externo #1: Lanzar taskscheduler
2021-04-28 19:58:02 [@0052b32c1baa]
Externo #2: Lanzar wakeupAgents
2021-04-28 20:00:02 [@0052b32c1baa]
Externo #1: Lanzar taskscheduler
2021-04-28 20:00:02 [@0052b32c1baa]
Externo #2: Lanzar wakeupAgents
2021-04-28 20:02:02 [@0052b32c1baa]
Externo #1: Lanzar taskscheduler
2021-04-28 20:02:02 [@0052b32c1baa]
Externo #2: Lanzar wakeupAgents
2021-04-28 20:04:02 [@0052b32c1baa]
Externo #1: Lanzar taskscheduler
2021-04-28 20:04:02 [@0052b32c1baa]
Externo #2: Lanzar wakeupAgents
2021-04-28 20:06:02 [@0052b32c1baa]
Externo #1: Lanzar taskscheduler
2021-04-28 20:06:02 [@0052b32c1baa]
Externo #2: Lanzar wakeupAgents
2021-04-28 20:08:02 [@0052b32c1baa]
Externo #1: Lanzar taskscheduler
2021-04-28 20:08:02 [@0052b32c1baa]
Externo #2: Lanzar wakeupAgents
2021-04-28 20:10:02 [@0052b32c1baa]
Externo #1: Lanzar taskscheduler
2021-04-28 20:10:02 [@0052b32c1baa]
Externo #2: Lanzar wakeupAgents
2021-04-28 20:12:01 [@0052b32c1baa]
Externo #1: Lanzar taskscheduler
2021-04-28 20:12:01 [@0052b32c1baa]
Externo #2: Lanzar wakeupAgents
2021-04-28 20:14:01 [@0052b32c1baa]
Externo #1: Lanzar taskscheduler
2021-04-28 20:14:01 [@0052b32c1baa]
Externo #2: Lanzar wakeupAgents
2021-04-28 20:15:26 [2@0052b32c1baa]
Interno #1: Lanzar graph
2021-04-28 20:16:01 [@0052b32c1baa]
Externo #1: Lanzar taskscheduler
2021-04-28 20:16:01 [@0052b32c1baa]
Externo #2: Lanzar wakeupAgents
2021-04-28 20:18:01 [@0052b32c1baa]
Externo #1: Lanzar taskscheduler
2021-04-28 20:18:01 [@0052b32c1baa]
Externo #2: Lanzar wakeupAgents
2021-04-28 20:20:01 [@0052b32c1baa]
Externo #1: Lanzar taskscheduler
2021-04-28 20:20:01 [@0052b32c1baa]
Externo #2: Lanzar wakeupAgents
2021-04-28 20:22:01 [@0052b32c1baa]
Externo #1: Lanzar taskscheduler
2021-04-28 20:22:02 [@0052b32c1baa]
Externo #2: Lanzar wakeupAgents
2021-04-28 20:25:13 [2@74e4521bc27e]
Interno #1: Lanzar reservation
2021-04-28 20:26:01 [@74e4521bc27e]
Externo #1: Lanzar taskscheduler
2021-04-28 20:26:01 [@74e4521bc27e]
Externo #2: Lanzar wakeupAgents
2021-04-28 20:36:01 [@c77ea177679a]
Externo #1: Lanzar taskscheduler
2021-04-28 20:36:02 [@c77ea177679a]
Externo #2: Lanzar wakeupAgents
2021-04-28 20:38:00 [@575e1e9b8d8d]
Interno #1: Lanzar closeticket
2021-04-28 20:38:02 [@575e1e9b8d8d]
Externo #1: Lanzar taskscheduler
2021-04-28 20:38:02 [@575e1e9b8d8d]
Externo #2: Lanzar wakeupAgents
2021-04-28 20:40:02 [@575e1e9b8d8d]
Externo #1: Lanzar taskscheduler
2021-04-28 20:40:02 [@575e1e9b8d8d]
Externo #2: Lanzar wakeupAgents
